<?xml version="1.0" encoding="UTF-8"?>
<testng-results ignored="0" total="3" passed="3" failed="0" skipped="0">
  <reporter-output>
  </reporter-output>
  <suite started-at="2022-09-22T17:24:10Z" name="Suite" finished-at="2022-09-22T17:24:15Z" duration-ms="5011">
    <groups>
    </groups>
    <test started-at="2022-09-22T17:24:10Z" name="Test" finished-at="2022-09-22T17:24:15Z" duration-ms="5011">
      <class name="Package2.NewTest3">
        <test-method is-config="true" signature="beforeClass()[pri:0, instance:Package2.NewTest3@6304101a]" started-at="2022-09-22T17:24:13Z" name="beforeClass" finished-at="2022-09-22T17:24:13Z" duration-ms="606" status="PASS">
          <reporter-output>
          </reporter-output>
        </test-method> <!-- beforeClass -->
        <test-method signature="verifySearchButton()[pri:0, instance:Package2.NewTest3@6304101a]" started-at="2022-09-22T17:24:13Z" name="verifySearchButton" finished-at="2022-09-22T17:24:14Z" duration-ms="968" status="PASS">
          <reporter-output>
          </reporter-output>
        </test-method> <!-- verifySearchButton -->
        <test-method is-config="true" signature="afterClass()[pri:0, instance:Package2.NewTest3@6304101a]" started-at="2022-09-22T17:24:14Z" name="afterClass" finished-at="2022-09-22T17:24:15Z" duration-ms="1095" status="PASS">
          <reporter-output>
          </reporter-output>
        </test-method> <!-- afterClass -->
      </class> <!-- Package2.NewTest3 -->
      <class name="SeleniumDemo.NewTest">
        <test-method is-config="true" signature="beforeClass()[pri:0, instance:SeleniumDemo.NewTest@4b7dc788]" started-at="2022-09-22T17:24:10Z" name="beforeClass" finished-at="2022-09-22T17:24:11Z" duration-ms="820" status="PASS">
          <reporter-output>
          </reporter-output>
        </test-method> <!-- beforeClass -->
        <test-method signature="verifySearchButton()[pri:0, instance:SeleniumDemo.NewTest@4b7dc788]" started-at="2022-09-22T17:24:11Z" name="verifySearchButton" finished-at="2022-09-22T17:24:12Z" duration-ms="802" status="PASS">
          <reporter-output>
          </reporter-output>
        </test-method> <!-- verifySearchButton -->
        <test-method signature="verifySearchButton()[pri:0, instance:SeleniumDemo.NewTest@4b7dc788]" started-at="2022-09-22T17:24:12Z" name="verifySearchButton" finished-at="2022-09-22T17:24:13Z" duration-ms="645" status="PASS">
          <reporter-output>
          </reporter-output>
        </test-method> <!-- verifySearchButton -->
        <test-method is-config="true" signature="afterClass()[pri:0, instance:SeleniumDemo.NewTest@4b7dc788]" started-at="2022-09-22T17:24:13Z" name="afterClass" finished-at="2022-09-22T17:24:13Z" duration-ms="72" status="PASS">
          <reporter-output>
          </reporter-output>
        </test-method> <!-- afterClass -->
      </class> <!-- SeleniumDemo.NewTest -->
    </test> <!-- Test -->
  </suite> <!-- Suite -->
</testng-results>
