<?xml version="1.0" encoding="UTF-8"?>
<testsuite xmlns:xsi="http://www.w3.org/2001/XMLSchema-instance" xsi:noNamespaceSchemaLocation="https://maven.apache.org/surefire/maven-surefire-plugin/xsd/surefire-test-report-3.0.xsd" version="3.0" name="TestSuite" time="5.324" tests="3" errors="0" skipped="0" failures="0">
  <properties>
[...]
</properties>
  <testcase name="verifySearchButton" classname="SeleniumDemo.NewTest" time="0.795">
    <system-out><![CDATA[[TestNGContentHandler] [WARN] It is strongly recommended to add "<!DOCTYPE suite SYSTEM "http://testng.org/testng-1.0.dtd" >" at the top of your file, otherwise TestNG may fail or not work as expected.
]]></system-out>
    <system-err><![CDATA[Starting ChromeDriver 104.0.5112.29 (eff877e18f767c77fef0481a1cba402c8cbad404-refs/branch-heads/5112@{#422}) on port 48372
Only local connections are allowed.
Please see https://chromedriver.chromium.org/security-considerations for suggestions on keeping ChromeDriver safe.
ChromeDriver was started successfully.
[1663867451.699][WARNING]: This version of ChromeDriver has not been tested with Chrome version 105.
Sep 22, 2022 1:24:11 PM org.openqa.selenium.remote.ProtocolHandshake createSession
INFO: Detected dialect: W3C
]]></system-err>
  </testcase>
  <testcase name="verifySearchButton" classname="SeleniumDemo.NewTest" time="0.644"/>
  <testcase name="verifySearchButton" classname="Package2.NewTest3" time="0.964">
    <system-err><![CDATA[Starting ChromeDriver 104.0.5112.29 (eff877e18f767c77fef0481a1cba402c8cbad404-refs/branch-heads/5112@{#422}) on port 8310
Only local connections are allowed.
Please see https://chromedriver.chromium.org/security-considerations for suggestions on keeping ChromeDriver safe.
ChromeDriver was started successfully.
[1663867453.841][WARNING]: This version of ChromeDriver has not been tested with Chrome version 105.
Sep 22, 2022 1:24:13 PM org.openqa.selenium.remote.ProtocolHandshake createSession
INFO: Detected dialect: W3C
]]></system-err>
  </testcase>
</testsuite>