<?xml version="1.0" encoding="UTF-8"?>
<testng-results ignored="0" total="3" passed="3" failed="0" skipped="0">
  <reporter-output>
  </reporter-output>
  <suite started-at="2022-09-26T17:09:17Z" name="Suite" finished-at="2022-09-26T17:09:21Z" duration-ms="4814">
    <groups>
    </groups>
    <test started-at="2022-09-26T17:09:17Z" name="Test" finished-at="2022-09-26T17:09:21Z" duration-ms="4814">
      <class name="Package2.NewTest3">
        <test-method is-config="true" signature="beforeClass()[pri:0, instance:Package2.NewTest3@6304101a]" started-at="2022-09-26T17:09:19Z" name="beforeClass" finished-at="2022-09-26T17:09:19Z" duration-ms="715" status="PASS">
          <reporter-output>
          </reporter-output>
        </test-method> <!-- beforeClass -->
        <test-method signature="verifySearchButton()[pri:0, instance:Package2.NewTest3@6304101a]" started-at="2022-09-26T17:09:19Z" name="verifySearchButton" finished-at="2022-09-26T17:09:20Z" duration-ms="1015" status="PASS">
          <reporter-output>
          </reporter-output>
        </test-method> <!-- verifySearchButton -->
        <test-method is-config="true" signature="afterClass()[pri:0, instance:Package2.NewTest3@6304101a]" started-at="2022-09-26T17:09:20Z" name="afterClass" finished-at="2022-09-26T17:09:21Z" duration-ms="1099" status="PASS">
          <reporter-output>
          </reporter-output>
        </test-method> <!-- afterClass -->
      </class> <!-- Package2.NewTest3 -->
      <class name="SeleniumDemo.NewTest">
        <test-method is-config="true" signature="beforeClass()[pri:0, instance:SeleniumDemo.NewTest@4b7dc788]" started-at="2022-09-26T17:09:17Z" name="beforeClass" finished-at="2022-09-26T17:09:18Z" duration-ms="970" status="PASS">
          <reporter-output>
          </reporter-output>
        </test-method> <!-- beforeClass -->
        <test-method signature="verifySearchButton()[pri:0, instance:SeleniumDemo.NewTest@4b7dc788]" started-at="2022-09-26T17:09:18Z" name="verifySearchButton" finished-at="2022-09-26T17:09:18Z" duration-ms="575" status="PASS">
          <reporter-output>
          </reporter-output>
        </test-method> <!-- verifySearchButton -->
        <test-method signature="verifySearchButton()[pri:0, instance:SeleniumDemo.NewTest@4b7dc788]" started-at="2022-09-26T17:09:18Z" name="verifySearchButton" finished-at="2022-09-26T17:09:19Z" duration-ms="362" status="PASS">
          <reporter-output>
          </reporter-output>
        </test-method> <!-- verifySearchButton -->
        <test-method is-config="true" signature="afterClass()[pri:0, instance:SeleniumDemo.NewTest@4b7dc788]" started-at="2022-09-26T17:09:19Z" name="afterClass" finished-at="2022-09-26T17:09:19Z" duration-ms="74" status="PASS">
          <reporter-output>
          </reporter-output>
        </test-method> <!-- afterClass -->
      </class> <!-- SeleniumDemo.NewTest -->
    </test> <!-- Test -->
  </suite> <!-- Suite -->
</testng-results>
