<?xml version="1.0" encoding="UTF-8"?>
<testng-results skipped="0" failed="0" ignored="0" total="1" passed="1">
  <reporter-output>
  </reporter-output>
  <suite name="Default suite" duration-ms="11928" started-at="2022-08-30T15:45:45 EDT" finished-at="2022-08-30T15:45:57 EDT">
    <groups>
    </groups>
    <test name="Default test" duration-ms="11928" started-at="2022-08-30T15:45:45 EDT" finished-at="2022-08-30T15:45:57 EDT">
      <class name="Package2.NewTest3">
        <test-method status="PASS" signature="beforeClass()[pri:0, instance:Package2.NewTest3@3d921e20]" name="beforeClass" is-config="true" duration-ms="1907" started-at="2022-08-30T15:45:45 EDT" finished-at="2022-08-30T15:45:47 EDT">
          <reporter-output>
          </reporter-output>
        </test-method> <!-- beforeClass -->
        <test-method status="PASS" signature="verifySearchButton()[pri:0, instance:Package2.NewTest3@3d921e20]" name="verifySearchButton" duration-ms="8874" started-at="2022-08-30T15:45:47 EDT" finished-at="2022-08-30T15:45:56 EDT">
          <reporter-output>
          </reporter-output>
        </test-method> <!-- verifySearchButton -->
        <test-method status="PASS" signature="afterClass()[pri:0, instance:Package2.NewTest3@3d921e20]" name="afterClass" is-config="true" duration-ms="1099" started-at="2022-08-30T15:45:56 EDT" finished-at="2022-08-30T15:45:57 EDT">
          <reporter-output>
          </reporter-output>
        </test-method> <!-- afterClass -->
      </class> <!-- Package2.NewTest3 -->
    </test> <!-- Default test -->
  </suite> <!-- Default suite -->
</testng-results>
