<?xml version="1.0" encoding="UTF-8"?>
<!-- Generated by org.testng.reporters.JUnitXMLReporter -->
<testsuite ignored="0" hostname="Amritas-MacBook-Air.local" failures="0" tests="3" name="Test" time="5.011" errors="0" timestamp="22 Sep 2022 17:24:15 GMT">
  <testcase classname="SeleniumDemo.NewTest" name="verifySearchButton" time="0.802"/>
  <testcase classname="SeleniumDemo.NewTest" name="verifySearchButton" time="0.645"/>
  <testcase classname="Package2.NewTest3" name="verifySearchButton" time="0.968"/>
</testsuite> <!-- Test -->
