<?xml version="1.0" encoding="UTF-8"?>
<!-- Generated by org.testng.reporters.JUnitXMLReporter -->
<testsuite ignored="0" hostname="Amritas-MacBook-Air.local" failures="0" tests="3" name="Test" time="4.814" errors="0" timestamp="26 Sep 2022 17:09:22 GMT">
  <testcase classname="SeleniumDemo.NewTest" name="verifySearchButton" time="0.575"/>
  <testcase classname="SeleniumDemo.NewTest" name="verifySearchButton" time="0.362"/>
  <testcase classname="Package2.NewTest3" name="verifySearchButton" time="1.015"/>
</testsuite> <!-- Test -->
